<?xml version="1.0" encoding="UTF-8"?>
<Site BuildName="Linux-g++"
	BuildStamp="20250307-0843-20250306-1009"
	Name="mika-laptop"
	Generator="ctest-3.28.3"
	CompilerName="/usr/bin/g++"
	CompilerVersion="13.3.0"
	OSName="Linux"
	Hostname="mika-laptop"
	OSRelease="6.8.0-55-generic"
	OSVersion="#57-Ubuntu SMP PREEMPT_DYNAMIC Wed Feb 12 23:42:21 UTC 2025"
	OSPlatform="x86_64"
	Is64Bits="1"
	VendorString="AuthenticAMD"
	VendorID="Advanced Micro Devices"
	FamilyID="25"
	ModelID="116"
	ProcessorCacheSize="1024"
	NumberOfLogicalCPU="16"
	NumberOfPhysicalCPU="8"
	TotalVirtualMemory="2047"
	TotalPhysicalMemory="31366"
	LogicalProcessorsPerPhysical="2"
	ProcessorClockFrequency="2195.67"
	>
	<Testing>
		<StartDateTime>Mar 07 13:59 CET</StartDateTime>
		<StartTestTime>1741352353</StartTestTime>
		<TestList/>
		<EndDateTime>Mar 07 13:59 CET</EndDateTime>
		<EndTestTime>1741352353</EndTestTime>
		<ElapsedMinutes>0</ElapsedMinutes>
	</Testing>
</Site>
