<?xml version="1.0" encoding="UTF-8"?>
<Site BuildName="Linux-c++"
	BuildStamp="20250215-1038-Experimental"
	Name="mika-laptop"
	Generator="ctest-3.28.3"
	CompilerName="/usr/bin/c++"
	CompilerVersion="13.3.0"
	OSName="Linux"
	Hostname="mika-laptop"
	OSRelease="6.8.0-53-generic"
	OSVersion="#55-Ubuntu SMP PREEMPT_DYNAMIC Fri Jan 17 15:37:52 UTC 2025"
	OSPlatform="x86_64"
	Is64Bits="1"
	VendorString="AuthenticAMD"
	VendorID="Advanced Micro Devices"
	FamilyID="25"
	ModelID="116"
	ProcessorCacheSize="1024"
	NumberOfLogicalCPU="16"
	NumberOfPhysicalCPU="8"
	TotalVirtualMemory="2047"
	TotalPhysicalMemory="31366"
	LogicalProcessorsPerPhysical="2"
	ProcessorClockFrequency="2251.08"
	>
	<Testing>
		<StartDateTime>Feb 15 12:30 CET</StartDateTime>
		<StartTestTime>1739619014</StartTestTime>
		<TestList/>
		<EndDateTime>Feb 15 12:30 CET</EndDateTime>
		<EndTestTime>1739619014</EndTestTime>
		<ElapsedMinutes>0</ElapsedMinutes>
	</Testing>
</Site>
